  Common.cpp
  Entity.cpp
C:\Users\lance\Documents\Visual Studio 2022\Projects\C++\raylib\Defender\game\src\PositionedObject.h(13,39): warning C4244: 'initializing': conversion from 'int' to 'float', possible loss of data
C:\Users\lance\Documents\Visual Studio 2022\Projects\C++\raylib\Defender\game\src\PositionedObject.h(14,41): warning C4244: 'initializing': conversion from 'int' to 'float', possible loss of data
  Game.cpp
C:\Users\lance\Documents\Visual Studio 2022\Projects\C++\raylib\Defender\game\src\PositionedObject.h(13,39): warning C4244: 'initializing': conversion from 'int' to 'float', possible loss of data
C:\Users\lance\Documents\Visual Studio 2022\Projects\C++\raylib\Defender\game\src\PositionedObject.h(14,41): warning C4244: 'initializing': conversion from 'int' to 'float', possible loss of data
C:\Users\lance\Documents\Visual Studio 2022\Projects\C++\raylib\Defender\game\src\Game.cpp(40,31): warning C4244: '=': conversion from 'int' to 'float', possible loss of data
  GameLogic.cpp
C:\Users\lance\Documents\Visual Studio 2022\Projects\C++\raylib\Defender\game\src\PositionedObject.h(13,39): warning C4244: 'initializing': conversion from 'int' to 'float', possible loss of data
C:\Users\lance\Documents\Visual Studio 2022\Projects\C++\raylib\Defender\game\src\PositionedObject.h(14,41): warning C4244: 'initializing': conversion from 'int' to 'float', possible loss of data
C:\Users\lance\Documents\Visual Studio 2022\Projects\C++\raylib\Defender\game\src\GameLogic.cpp(17,53): error C2110: '+': cannot add two pointers
  LineModel.cpp
C:\Users\lance\Documents\Visual Studio 2022\Projects\C++\raylib\Defender\game\src\PositionedObject.h(13,39): warning C4244: 'initializing': conversion from 'int' to 'float', possible loss of data
C:\Users\lance\Documents\Visual Studio 2022\Projects\C++\raylib\Defender\game\src\PositionedObject.h(14,41): warning C4244: 'initializing': conversion from 'int' to 'float', possible loss of data
C:\Users\lance\Documents\Visual Studio 2022\Projects\C++\raylib\Defender\game\src\LineModel.h(5,10): fatal  error C1083: Cannot open include file: 'rlgl.h': No such file or directory
  Model3D.cpp
C:\Users\lance\Documents\Visual Studio 2022\Projects\C++\raylib\Defender\game\src\PositionedObject.h(13,39): warning C4244: 'initializing': conversion from 'int' to 'float', possible loss of data
C:\Users\lance\Documents\Visual Studio 2022\Projects\C++\raylib\Defender\game\src\PositionedObject.h(14,41): warning C4244: 'initializing': conversion from 'int' to 'float', possible loss of data
C:\Users\lance\Documents\Visual Studio 2022\Projects\C++\raylib\Defender\game\src\Model3D.cpp(2,10): fatal  error C1083: Cannot open include file: 'rlgl.h': No such file or directory
  Player.cpp
C:\Users\lance\Documents\Visual Studio 2022\Projects\C++\raylib\Defender\game\src\PositionedObject.h(13,39): warning C4244: 'initializing': conversion from 'int' to 'float', possible loss of data
C:\Users\lance\Documents\Visual Studio 2022\Projects\C++\raylib\Defender\game\src\PositionedObject.h(14,41): warning C4244: 'initializing': conversion from 'int' to 'float', possible loss of data
  PositionedObject.cpp
C:\Users\lance\Documents\Visual Studio 2022\Projects\C++\raylib\Defender\game\src\PositionedObject.h(13,39): warning C4244: 'initializing': conversion from 'int' to 'float', possible loss of data
C:\Users\lance\Documents\Visual Studio 2022\Projects\C++\raylib\Defender\game\src\PositionedObject.h(14,41): warning C4244: 'initializing': conversion from 'int' to 'float', possible loss of data
  Raylib Template.cpp
C:\Users\lance\Documents\Visual Studio 2022\Projects\C++\raylib\Defender\game\src\PositionedObject.h(13,39): warning C4244: 'initializing': conversion from 'int' to 'float', possible loss of data
C:\Users\lance\Documents\Visual Studio 2022\Projects\C++\raylib\Defender\game\src\PositionedObject.h(14,41): warning C4244: 'initializing': conversion from 'int' to 'float', possible loss of data
  Generating Code...
